<?xml version="1.0" encoding="UTF-8"?>
<testng-results skipped="0" failed="0" ignored="0" total="1" passed="1">
  <reporter-output>
  </reporter-output>
  <suite name="Default suite" duration-ms="18636" started-at="2022-01-22T19:32:54 BDT" finished-at="2022-01-22T19:33:12 BDT">
    <groups>
    </groups>
    <test name="Default test" duration-ms="18636" started-at="2022-01-22T19:32:54 BDT" finished-at="2022-01-22T19:33:12 BDT">
      <class name="tests.AnyDoTaskWithNoteTest">
        <test-method status="PASS" signature="setUP()[pri:0, instance:tests.AnyDoTaskWithNoteTest@4567f35d]" name="setUP" is-config="true" duration-ms="9668" started-at="2022-01-22T19:32:54 BDT" finished-at="2022-01-22T19:33:03 BDT">
          <reporter-output>
          </reporter-output>
        </test-method> <!-- setUP -->
        <test-method status="PASS" signature="anyDoTaskWithNote()[pri:0, instance:tests.AnyDoTaskWithNoteTest@4567f35d]" name="anyDoTaskWithNote" duration-ms="4566" started-at="2022-01-22T19:33:03 BDT" finished-at="2022-01-22T19:33:08 BDT">
          <reporter-output>
          </reporter-output>
        </test-method> <!-- anyDoTaskWithNote -->
        <test-method status="PASS" signature="tearDown()[pri:0, instance:tests.AnyDoTaskWithNoteTest@4567f35d]" name="tearDown" is-config="true" duration-ms="4222" started-at="2022-01-22T19:33:08 BDT" finished-at="2022-01-22T19:33:12 BDT">
          <reporter-output>
          </reporter-output>
        </test-method> <!-- tearDown -->
      </class> <!-- tests.AnyDoTaskWithNoteTest -->
    </test> <!-- Default test -->
  </suite> <!-- Default suite -->
</testng-results>
